<?xml version="1.0" encoding="UTF-8"?>
<testng-results skipped="0" failed="0" total="1" passed="1">
  <reporter-output>
  </reporter-output>
  <suite name="Default suite" duration-ms="44726" started-at="2014-09-15T07:44:09Z" finished-at="2014-09-15T07:44:54Z">
    <groups>
    </groups>
    <test name="Default test" duration-ms="44726" started-at="2014-09-15T07:44:09Z" finished-at="2014-09-15T07:44:54Z">
      <class name="com.test.catcher.Demo1">
        <test-method status="PASS" signature="beforeTest()[pri:0, instance:com.test.catcher.Demo1@f4c9c4]" name="beforeTest" is-config="true" duration-ms="10454" started-at="2014-09-15T15:44:10Z" finished-at="2014-09-15T15:44:20Z">
          <reporter-output>
          </reporter-output>
        </test-method> <!-- beforeTest -->
        <test-method status="PASS" signature="richText()[pri:0, instance:com.test.catcher.Demo1@f4c9c4]" name="richText" duration-ms="30610" started-at="2014-09-15T15:44:20Z" finished-at="2014-09-15T15:44:51Z">
          <reporter-output>
          </reporter-output>
        </test-method> <!-- richText -->
        <test-method status="PASS" signature="afterTest()[pri:0, instance:com.test.catcher.Demo1@f4c9c4]" name="afterTest" is-config="true" duration-ms="3640" started-at="2014-09-15T15:44:51Z" finished-at="2014-09-15T15:44:54Z">
          <reporter-output>
          </reporter-output>
        </test-method> <!-- afterTest -->
      </class> <!-- com.test.catcher.Demo1 -->
    </test> <!-- Default test -->
  </suite> <!-- Default suite -->
</testng-results>
