<?xml version="1.0" encoding="UTF-8"?>
<!-- Generated by org.testng.reporters.JUnitXMLReporter -->
<testsuite hostname="zhangyj01" name="DataProvider" tests="3" failures="0" timestamp="15 Aug 2014 09:42:57 GMT" time="0.064" errors="0">
  <testcase name="testmethod1" time="0.019" classname="com.test.dataprovider.DataProviderTest"/>
  <testcase name="testmethod2" time="0.002" classname="com.test.dataprovider.DataProviderTest"/>
  <testcase name="testmethod3" time="0.002" classname="com.test.dataprovider.DataProviderTest"/>
</testsuite> <!-- DataProvider -->
