<?xml version="1.0" encoding="UTF-8"?>
<testng-results skipped="0" failed="0" total="1" passed="1">
  <reporter-output>
  </reporter-output>
  <suite name="Default suite" duration-ms="18703" started-at="2014-09-02T10:48:58Z" finished-at="2014-09-02T10:49:16Z">
    <groups>
    </groups>
    <test name="Default test" duration-ms="18703" started-at="2014-09-02T10:48:58Z" finished-at="2014-09-02T10:49:16Z">
      <class name="com.test.cases.NewTest1">
        <test-method status="PASS" signature="testSearch()[pri:0, instance:com.test.cases.NewTest1@165f5a4]" name="testSearch" duration-ms="18684" started-at="2014-09-02T18:48:58Z" finished-at="2014-09-02T18:49:16Z">
          <reporter-output>
          </reporter-output>
        </test-method> <!-- testSearch -->
      </class> <!-- com.test.cases.NewTest1 -->
    </test> <!-- Default test -->
  </suite> <!-- Default suite -->
</testng-results>
