<?xml version="1.0" encoding="UTF-8"?>
<!-- Generated by org.testng.reporters.JUnitXMLReporter -->
<testsuite hostname="zhangyj01" name="search" tests="3" failures="0" timestamp="15 Aug 2014 09:39:04 GMT" time="0.104" errors="0">
  <testcase name="testmethod1" time="0.038" classname="com.test.dataprovider.DataProviderTest"/>
  <testcase name="testmethod2" time="0.002" classname="com.test.dataprovider.DataProviderTest"/>
  <testcase name="testmethod3" time="0.002" classname="com.test.dataprovider.DataProviderTest"/>
</testsuite> <!-- search -->
